d:\vsprojects\consoleapplication1\consoleapplication1\x64\debug\vc143.pdb
d:\vsprojects\consoleapplication1\consoleapplication1\x64\debug\vc143.idb
d:\vsprojects\consoleapplication1\consoleapplication1\x64\debug\testnamespace.obj
d:\vsprojects\consoleapplication1\consoleapplication1\x64\debug\testmemoryalloc.obj
d:\vsprojects\consoleapplication1\consoleapplication1\x64\debug\testexception.obj
d:\vsprojects\consoleapplication1\consoleapplication1\x64\debug\somesupplement.obj
d:\vsprojects\consoleapplication1\consoleapplication1\x64\debug\namespacetest.obj
d:\vsprojects\consoleapplication1\consoleapplication1\x64\debug\mymain.obj
d:\vsprojects\consoleapplication1\consoleapplication1\x64\debug\consoleapplication1.obj
d:\vsprojects\consoleapplication1\x64\debug\consoleapplication1.pdb
d:\vsprojects\consoleapplication1\consoleapplication1\x64\debug\consolea.51b18efb.tlog\cl.command.1.tlog
d:\vsprojects\consoleapplication1\consoleapplication1\x64\debug\consolea.51b18efb.tlog\cl.read.1.tlog
d:\vsprojects\consoleapplication1\consoleapplication1\x64\debug\consolea.51b18efb.tlog\cl.write.1.tlog
d:\vsprojects\consoleapplication1\consoleapplication1\x64\debug\consolea.51b18efb.tlog\link-cvtres.read.1.tlog
d:\vsprojects\consoleapplication1\consoleapplication1\x64\debug\consolea.51b18efb.tlog\link-cvtres.write.1.tlog
d:\vsprojects\consoleapplication1\consoleapplication1\x64\debug\consolea.51b18efb.tlog\link-rc.read.1.tlog
d:\vsprojects\consoleapplication1\consoleapplication1\x64\debug\consolea.51b18efb.tlog\link-rc.write.1.tlog
d:\vsprojects\consoleapplication1\consoleapplication1\x64\debug\consolea.51b18efb.tlog\link.command.1.tlog
d:\vsprojects\consoleapplication1\consoleapplication1\x64\debug\consolea.51b18efb.tlog\link.read.1.tlog
d:\vsprojects\consoleapplication1\consoleapplication1\x64\debug\consolea.51b18efb.tlog\link.read.2.tlog
d:\vsprojects\consoleapplication1\consoleapplication1\x64\debug\consolea.51b18efb.tlog\link.read.3.tlog
d:\vsprojects\consoleapplication1\consoleapplication1\x64\debug\consolea.51b18efb.tlog\link.read.4.tlog
d:\vsprojects\consoleapplication1\consoleapplication1\x64\debug\consolea.51b18efb.tlog\link.read.5.tlog
d:\vsprojects\consoleapplication1\consoleapplication1\x64\debug\consolea.51b18efb.tlog\link.write.1.tlog
